<?xml version="1.0" encoding="UTF-8"?>
<!-- Generated by org.testng.reporters.JUnitXMLReporter -->
<testsuite hostname="DESKTOP-FN61C02" name="Default test" tests="3" failures="0" timestamp="20 Nov 2018 08:51:55 GMT" time="12.5" errors="0">
  <testcase name="testAdd" time="1.171" classname="main.com.tests.testUserDemo"/>
  <testcase name="testAdd" time="1.17" classname="main.com.tests.testUserDemo"/>
  <testcase name="testAdd" time="1.448" classname="main.com.tests.testUserDemo"/>
</testsuite> <!-- Default test -->
