<?xml version="1.0" encoding="UTF-8"?>
<testsuite name="testMaven"
           tests="3"
           failures="0"
           errors="0"
           skipped="0"
           time="91.451">
  <properties />
  
  
            <testcase name="testLogin" time="30.076" classname="main.com.tests.LoginPageTest" />
                <testcase name="testLogin" time="30.089" classname="main.com.tests.LoginPageTest" />
                <testcase name="testLogin" time="31.286" classname="main.com.tests.LoginPageTest" />
      
</testsuite>
