<?xml version="1.0" encoding="UTF-8"?>
<testng-results skipped="0" failed="0" total="3" passed="3">
  <reporter-output>
  </reporter-output>
  <suite name="Default suite" duration-ms="12500" started-at="2018-11-20T08:51:43Z" finished-at="2018-11-20T08:51:55Z">
    <groups>
    </groups>
    <test name="Default test" duration-ms="12500" started-at="2018-11-20T08:51:43Z" finished-at="2018-11-20T08:51:55Z">
      <class name="main.com.tests.testUserDemo">
        <test-method status="PASS" signature="beforeTest()[pri:0, instance:main.com.tests.testUserDemo@69db34de]" name="beforeTest" is-config="true" duration-ms="7785" started-at="2018-11-20T16:51:43Z" finished-at="2018-11-20T16:51:50Z">
          <reporter-output>
          </reporter-output>
        </test-method> <!-- beforeTest -->
        <test-method status="PASS" signature="beforeClass()[pri:0, instance:main.com.tests.testUserDemo@69db34de]" name="beforeClass" is-config="true" duration-ms="1" started-at="2018-11-20T16:51:50Z" finished-at="2018-11-20T16:51:50Z">
          <reporter-output>
          </reporter-output>
        </test-method> <!-- beforeClass -->
        <test-method status="PASS" signature="testAdd(java.lang.String, java.lang.String, java.lang.String, java.lang.String, java.lang.String, java.lang.String)[pri:0, instance:main.com.tests.testUserDemo@69db34de]" name="testAdd" duration-ms="1171" started-at="2018-11-20T16:51:51Z" data-provider="userAdd" finished-at="2018-11-20T16:51:52Z">
          <params>
            <param index="0">
              <value>
                <![CDATA[110110]]>
              </value>
            </param>
            <param index="1">
              <value>
                <![CDATA[111]]>
              </value>
            </param>
            <param index="2">
              <value>
                <![CDATA[222]]>
              </value>
            </param>
            <param index="3">
              <value>
                <![CDATA[333]]>
              </value>
            </param>
            <param index="4">
              <value>
                <![CDATA[aaa]]>
              </value>
            </param>
            <param index="5">
              <value>
                <![CDATA[]]>
              </value>
            </param>
          </params>
          <reporter-output>
          </reporter-output>
        </test-method> <!-- testAdd -->
        <test-method status="PASS" signature="testAdd(java.lang.String, java.lang.String, java.lang.String, java.lang.String, java.lang.String, java.lang.String)[pri:0, instance:main.com.tests.testUserDemo@69db34de]" name="testAdd" duration-ms="1170" started-at="2018-11-20T16:51:52Z" data-provider="userAdd" finished-at="2018-11-20T16:51:53Z">
          <params>
            <param index="0">
              <value>
                <![CDATA[1101002]]>
              </value>
            </param>
            <param index="1">
              <value>
                <![CDATA[xiaozhang]]>
              </value>
            </param>
            <param index="2">
              <value>
                <![CDATA[女]]>
              </value>
            </param>
            <param index="3">
              <value>
                <![CDATA[15678987656]]>
              </value>
            </param>
            <param index="4">
              <value>
                <![CDATA[北京市朝阳区]]>
              </value>
            </param>
            <param index="5">
              <value>
                <![CDATA[]]>
              </value>
            </param>
          </params>
          <reporter-output>
          </reporter-output>
        </test-method> <!-- testAdd -->
        <test-method status="PASS" signature="testAdd(java.lang.String, java.lang.String, java.lang.String, java.lang.String, java.lang.String, java.lang.String)[pri:0, instance:main.com.tests.testUserDemo@69db34de]" name="testAdd" duration-ms="1448" started-at="2018-11-20T16:51:53Z" data-provider="userAdd" finished-at="2018-11-20T16:51:54Z">
          <params>
            <param index="0">
              <value>
                <![CDATA[1102003]]>
              </value>
            </param>
            <param index="1">
              <value>
                <![CDATA[xiaoxiao]]>
              </value>
            </param>
            <param index="2">
              <value>
                <![CDATA[nu]]>
              </value>
            </param>
            <param index="3">
              <value>
                <![CDATA[15678908765]]>
              </value>
            </param>
            <param index="4">
              <value>
                <![CDATA[beijing]]>
              </value>
            </param>
            <param index="5">
              <value>
                <![CDATA[]]>
              </value>
            </param>
          </params>
          <reporter-output>
          </reporter-output>
        </test-method> <!-- testAdd -->
        <test-method status="PASS" signature="afterTest()[pri:0, instance:main.com.tests.testUserDemo@69db34de]" name="afterTest" is-config="true" duration-ms="654" started-at="2018-11-20T16:51:54Z" finished-at="2018-11-20T16:51:55Z">
          <reporter-output>
          </reporter-output>
        </test-method> <!-- afterTest -->
      </class> <!-- main.com.tests.testUserDemo -->
    </test> <!-- Default test -->
  </suite> <!-- Default suite -->
</testng-results>
